<?xml version="1.0" encoding="UTF-8"?>
<testng-results skipped="0" failed="0" ignored="0" total="1" passed="1">
  <reporter-output>
  </reporter-output>
  <suite name="Suite" duration-ms="187077" started-at="2019-02-28T20:39:13Z" finished-at="2019-02-28T20:42:20Z">
    <groups>
    </groups>
    <test name="Test" duration-ms="187077" started-at="2019-02-28T20:39:13Z" finished-at="2019-02-28T20:42:20Z">
      <class name="com.backbase.app.HeroKUAppTest">
        <test-method status="PASS" signature="onBeforeSuite()[pri:0, instance:com.backbase.app.HeroKUAppTest@5b275dab]" name="onBeforeSuite" is-config="true" duration-ms="375" started-at="2019-03-01T02:09:12Z" finished-at="2019-03-01T02:09:13Z">
          <reporter-output>
          </reporter-output>
        </test-method> <!-- onBeforeSuite -->
        <test-method status="PASS" signature="launchApp()[pri:0, instance:com.backbase.app.HeroKUAppTest@5b275dab]" name="launchApp" is-config="true" duration-ms="7925" started-at="2019-03-01T02:09:13Z" finished-at="2019-03-01T02:09:21Z">
          <reporter-output>
          </reporter-output>
        </test-method> <!-- launchApp -->
        <test-method status="PASS" signature="createNewCompTest()[pri:0, instance:com.backbase.app.HeroKUAppTest@5b275dab]" name="createNewCompTest" duration-ms="178606" started-at="2019-03-01T02:09:21Z" finished-at="2019-03-01T02:12:19Z">
          <reporter-output>
          </reporter-output>
        </test-method> <!-- createNewCompTest -->
        <test-method status="PASS" signature="getResult(org.testng.ITestResult)[pri:0, instance:com.backbase.app.HeroKUAppTest@5b275dab]" name="getResult" is-config="true" duration-ms="509" started-at="2019-03-01T02:12:19Z" finished-at="2019-03-01T02:12:20Z">
          <params>
            <param index="0">
              <value>
                <![CDATA[[TestResult name=createNewCompTest status=SUCCESS method=HeroKUAppTest.createNewCompTest()[pri:0, instance:com.backbase.app.HeroKUAppTest@5b275dab] output={null}]]]>
              </value>
            </param>
          </params>
          <reporter-output>
          </reporter-output>
        </test-method> <!-- getResult -->
        <test-method status="FAIL" signature="onAfterSuite()[pri:0, instance:com.backbase.app.HeroKUAppTest@5b275dab]" name="onAfterSuite" is-config="true" duration-ms="0" started-at="2019-03-01T02:12:20Z" finished-at="2019-03-01T02:12:20Z">
          <exception class="java.lang.NullPointerException">
            <full-stacktrace>
              <![CDATA[java.lang.NullPointerException
	at com.backbase.testutils.PageElements.resetApplication(PageElements.java:56)
	at com.backbase.testutils.BaseSuite.onAfterSuite(BaseSuite.java:100)
	at sun.reflect.NativeMethodAccessorImpl.invoke0(Native Method)
	at sun.reflect.NativeMethodAccessorImpl.invoke(NativeMethodAccessorImpl.java:62)
	at sun.reflect.DelegatingMethodAccessorImpl.invoke(DelegatingMethodAccessorImpl.java:43)
	at java.lang.reflect.Method.invoke(Method.java:483)
	at org.testng.internal.MethodInvocationHelper.invokeMethod(MethodInvocationHelper.java:104)
	at org.testng.internal.Invoker.invokeConfigurationMethod(Invoker.java:515)
	at org.testng.internal.Invoker.invokeConfigurations(Invoker.java:217)
	at org.testng.internal.Invoker.invokeConfigurations(Invoker.java:144)
	at org.testng.SuiteRunner.privateRun(SuiteRunner.java:357)
	at org.testng.SuiteRunner.run(SuiteRunner.java:289)
	at org.testng.SuiteRunnerWorker.runSuite(SuiteRunnerWorker.java:52)
	at org.testng.SuiteRunnerWorker.run(SuiteRunnerWorker.java:86)
	at org.testng.TestNG.runSuitesSequentially(TestNG.java:1293)
	at org.testng.TestNG.runSuitesLocally(TestNG.java:1218)
	at org.testng.TestNG.runSuites(TestNG.java:1133)
	at org.testng.TestNG.run(TestNG.java:1104)
	at org.testng.remote.AbstractRemoteTestNG.run(AbstractRemoteTestNG.java:114)
	at org.testng.remote.RemoteTestNG.initAndRun(RemoteTestNG.java:251)
	at org.testng.remote.RemoteTestNG.main(RemoteTestNG.java:77)
]]>
            </full-stacktrace>
          </exception> <!-- java.lang.NullPointerException -->
          <reporter-output>
          </reporter-output>
        </test-method> <!-- onAfterSuite -->
      </class> <!-- com.backbase.app.HeroKUAppTest -->
    </test> <!-- Test -->
  </suite> <!-- Suite -->
</testng-results>
